{
  "RSpec": {
    "coverage": {
      "/home/Hdaniwilson/tic-tac-toe-rb-online-web-sp-000/lib/tic_tac_toe.rb": [
        null,
        1,
        null,
        null,
        null,
        null,
        null,
        null,
        null,
        null,
        null,
        1,
        23,
        23,
        23,
        23,
        23,
        null,
        null,
        1,
        21,
        null,
        null,
        1,
        21,
        null,
        null,
        1,
        23,
        null,
        null,
        1,
        20,
        20,
        null,
        null,
        1,
        0,
        0,
        0,
        0,
        0,
        0,
        null,
        0,
        null,
        null,
        null,
        1,
        20,
        20,
        180,
        31,
        null,
        null,
        20,
        null,
        null,
        1,
        19,
        13,
        null,
        6,
        null,
        null,
        null,
        1,
        61,
        458,
        8,
        450,
        2,
        null,
        448,
        null,
        null,
        null,
        null,
        1,
        181,
        null,
        null,
        1,
        28,
        7,
        14,
        14,
        null,
        null,
        null,
        1,
        20,
        5,
        null,
        null,
        null,
        1,
        3,
        0,
        null,
        null,
        null,
        null,
        1,
        12,
        16,
        null,
        8,
        1,
        1,
        7,
        7,
        null,
        null,
        null,
        1,
        18,
        18,
        18,
        18,
        18,
        18,
        null,
        0,
        null,
        null
      ]
    },
    "timestamp": 1618705903
  }
}
