{
  "RSpec": {
    "coverage": {
      "/home/Hdaniwilson/tic-tac-toe-rb-online-web-sp-000/lib/tic_tac_toe.rb": [
        null,
        1,
        null,
        null,
        null,
        null,
        null,
        null,
        null,
        null,
        null,
        1,
        5,
        5,
        5,
        5,
        5,
        null,
        null,
        1,
        12,
        null,
        null,
        1,
        3,
        null,
        null,
        1,
        23,
        null,
        null,
        1,
        3,
        null,
        null,
        1,
        2,
        2,
        18,
        5,
        null,
        null,
        2,
        null,
        null,
        1,
        1,
        1,
        null,
        0,
        null,
        null,
        null,
        1,
        12,
        12,
        9,
        9,
        0,
        0,
        null,
        0,
        null,
        null,
        null,
        1,
        26,
        181,
        null,
        null,
        null,
        null,
        null,
        1,
        52,
        null,
        null,
        1,
        8,
        3,
        5,
        0,
        5,
        5,
        null,
        null,
        null,
        1,
        3,
        2,
        null,
        null,
        null,
        1,
        3,
        2,
        null,
        null,
        null,
        1,
        12,
        0,
        0,
        0,
        0,
        0,
        0,
        null,
        null,
        null
      ]
    },
    "timestamp": 1618087722
  }
}
